0 info it worked if it ends with ok
1 verbose cli [ '/usr/local/bin/node',
1 verbose cli   '/usr/local/bin/npm',
1 verbose cli   'run',
1 verbose cli   'coveralls' ]
2 info using npm@2.14.3
3 info using node@v4.1.0
4 verbose run-script [ 'precoveralls', 'coveralls', 'postcoveralls' ]
5 info precoveralls dsfm@0.0.1
6 info coveralls dsfm@0.0.1
7 verbose unsafe-perm in lifecycle true
8 info dsfm@0.0.1 Failed to exec coveralls script
9 verbose stack Error: dsfm@0.0.1 coveralls: `istanbul cover _mocha --report lcovonly -- -R spec && cat ./coverage/lcov.info | coveralls && rm -rf ./coverage`
9 verbose stack Exit status 1
9 verbose stack     at EventEmitter.<anonymous> (/usr/local/lib/node_modules/npm/lib/utils/lifecycle.js:214:16)
9 verbose stack     at emitTwo (events.js:87:13)
9 verbose stack     at EventEmitter.emit (events.js:172:7)
9 verbose stack     at ChildProcess.<anonymous> (/usr/local/lib/node_modules/npm/lib/utils/spawn.js:24:14)
9 verbose stack     at emitTwo (events.js:87:13)
9 verbose stack     at ChildProcess.emit (events.js:172:7)
9 verbose stack     at maybeClose (internal/child_process.js:817:16)
9 verbose stack     at Process.ChildProcess._handle.onexit (internal/child_process.js:211:5)
10 verbose pkgid dsfm@0.0.1
11 verbose cwd /Users/axdg/Desktop/dsfm
12 error Darwin 15.0.0
13 error argv "/usr/local/bin/node" "/usr/local/bin/npm" "run" "coveralls"
14 error node v4.1.0
15 error npm  v2.14.3
16 error code ELIFECYCLE
17 error dsfm@0.0.1 coveralls: `istanbul cover _mocha --report lcovonly -- -R spec && cat ./coverage/lcov.info | coveralls && rm -rf ./coverage`
17 error Exit status 1
18 error Failed at the dsfm@0.0.1 coveralls script 'istanbul cover _mocha --report lcovonly -- -R spec && cat ./coverage/lcov.info | coveralls && rm -rf ./coverage'.
18 error This is most likely a problem with the dsfm package,
18 error not with npm itself.
18 error Tell the author that this fails on your system:
18 error     istanbul cover _mocha --report lcovonly -- -R spec && cat ./coverage/lcov.info | coveralls && rm -rf ./coverage
18 error You can get their info via:
18 error     npm owner ls dsfm
18 error There is likely additional logging output above.
19 verbose exit [ 1, true ]
